Using pre-set license
Built from '2020.3/staging' branch; Version is '2020.3.4f1 (0abb6314276a) revision 703331'; Using compiler version '192528614'; Build Type 'Release'
OS: 'Windows 10 Pro; OS build 19042.1110; Version 2009; 64bit' Language: 'zh' Physical Memory: 32515 MB
BatchMode: 1, IsHumanControllingUs: 0, StartBugReporterOnCrash: 0, Is64bit: 1, IsPro: 0

 COMMAND LINE ARGUMENTS:
D:\Unity\Editor\Unity.exe
-adb2
-batchMode
-noUpm
-name
AssetImportWorker0
-projectPath
D:/Download/unity-2d-water-master/unity-2d-water-master/ExampleProject
-logFile
Logs/AssetImportWorker0.log
-srvPort
56654
Successfully changed project path to: D:/Download/unity-2d-water-master/unity-2d-water-master/ExampleProject
D:/Download/unity-2d-water-master/unity-2d-water-master/ExampleProject
Using Asset Import Pipeline V2.
Refreshing native plugins compatible for Editor in 17.80 ms, found 0 plugins.
Preloading 0 native plugins for Editor in 0.00 ms.
Initialize engine version: 2020.3.4f1 (0abb6314276a)
[Subsystems] Discovering subsystems at path D:/Unity/Editor/Data/Resources/UnitySubsystems
[Subsystems] Discovering subsystems at path D:/Download/unity-2d-water-master/unity-2d-water-master/ExampleProject/Assets
GfxDevice: creating device client; threaded=0
Direct3D:
    Version:  Direct3D 11.0 [level 11.1]
    Renderer: NVIDIA GeForce GTX 1660 SUPER (ID=0x21c4)
    Vendor:   
    VRAM:     5991 MB
    Driver:   27.21.14.6192
Initialize mono
Mono path[0] = 'D:/Unity/Editor/Data/Managed'
Mono path[1] = 'D:/Unity/Editor/Data/MonoBleedingEdge/lib/mono/unityjit'
Mono config path = 'D:/Unity/Editor/Data/MonoBleedingEdge/etc'
Using monoOptions --debugger-agent=transport=dt_socket,embedding=1,server=y,suspend=n,address=127.0.0.1:56192
Begin MonoManager ReloadAssembly
Registering precompiled unity dll's ...
Register platform support module: D:/Unity/Editor/Data/PlaybackEngines/WindowsStandaloneSupport/UnityEditor.WindowsStandalone.Extensions.dll
Registered in 0.000719 seconds.
Native extension for WindowsStandalone target not found
Refreshing native plugins compatible for Editor in 18.06 ms, found 0 plugins.
Preloading 0 native plugins for Editor in 0.00 ms.
Mono: successfully reloaded assembly
- Completed reload, in  0.752 seconds
Platform modules already initialized, skipping
Registering precompiled user dll's ...
Registered in 0.000403 seconds.
Begin MonoManager ReloadAssembly
Native extension for WindowsStandalone target not found
Refreshing native plugins compatible for Editor in 0.17 ms, found 0 plugins.
Preloading 0 native plugins for Editor in 0.00 ms.
Mono: successfully reloaded assembly
- Completed reload, in  0.620 seconds
Platform modules already initialized, skipping
========================================================================
Worker process is ready to serve import requests
Launched and connected shader compiler UnityShaderCompiler.exe after 0.04 seconds
Refreshing native plugins compatible for Editor in 0.19 ms, found 0 plugins.
Preloading 0 native plugins for Editor in 0.00 ms.
Unloading 1119 Unused Serialized files (Serialized files now loaded: 0)
System memory in use before: 57.1 MB.
System memory in use after: 57.2 MB.

Unloading 9 unused Assets to reduce memory usage. Loaded Objects now: 1560.
Total: 1.601500 ms (FindLiveObjects: 0.138900 ms CreateObjectMapping: 0.043500 ms MarkObjects: 1.370600 ms  DeleteObjects: 0.047700 ms)

========================================================================
Received Import Request.
  path: Assets/Water/WaterMaterial.mat
  artifactKey: Guid(284a2740c80f3c741bde0023e951a20d) Importer(815301076,1909f56bfc062723c751e8b465ee728b)
Start importing Assets/Water/WaterMaterial.mat using Guid(284a2740c80f3c741bde0023e951a20d) Importer(815301076,1909f56bfc062723c751e8b465ee728b)  -> (artifact id: 'a937b4e8c660759f38464102ad3078f4') in 0.074985 seconds
  Import took 0.077330 seconds .

========================================================================
Received Prepare
Registering precompiled user dll's ...
Registered in 0.000347 seconds.
Begin MonoManager ReloadAssembly
Native extension for WindowsStandalone target not found
Refreshing native plugins compatible for Editor in 0.18 ms, found 0 plugins.
Preloading 0 native plugins for Editor in 0.00 ms.
Mono: successfully reloaded assembly
- Completed reload, in  0.600 seconds
Platform modules already initialized, skipping
Refreshing native plugins compatible for Editor in 0.17 ms, found 0 plugins.
Preloading 0 native plugins for Editor in 0.00 ms.
Unloading 1112 Unused Serialized files (Serialized files now loaded: 0)
System memory in use before: 60.1 MB.
System memory in use after: 60.2 MB.

Unloading 4 unused Assets to reduce memory usage. Loaded Objects now: 1603.
Total: 1.492900 ms (FindLiveObjects: 0.104500 ms CreateObjectMapping: 0.027900 ms MarkObjects: 1.331100 ms  DeleteObjects: 0.028700 ms)

========================================================================
Received Prepare
Registering precompiled user dll's ...
Registered in 0.000314 seconds.
Begin MonoManager ReloadAssembly
Native extension for WindowsStandalone target not found
Refreshing native plugins compatible for Editor in 0.18 ms, found 0 plugins.
Preloading 0 native plugins for Editor in 0.00 ms.
Mono: successfully reloaded assembly
- Completed reload, in  0.597 seconds
Platform modules already initialized, skipping
Refreshing native plugins compatible for Editor in 0.18 ms, found 0 plugins.
Preloading 0 native plugins for Editor in 0.00 ms.
Unloading 1112 Unused Serialized files (Serialized files now loaded: 0)
System memory in use before: 60.2 MB.
System memory in use after: 60.3 MB.

Unloading 4 unused Assets to reduce memory usage. Loaded Objects now: 1606.
Total: 1.352700 ms (FindLiveObjects: 0.144600 ms CreateObjectMapping: 0.039600 ms MarkObjects: 1.154800 ms  DeleteObjects: 0.011600 ms)

========================================================================
Received Import Request.
  Time since last request: 239.565823 seconds.
  path: Assets/Water/PlayerMove.cs
  artifactKey: Guid(c8ddf0e2367e3b74eb4e4a9ab90681fb) Importer(815301076,1909f56bfc062723c751e8b465ee728b)
Start importing Assets/Water/PlayerMove.cs using Guid(c8ddf0e2367e3b74eb4e4a9ab90681fb) Importer(815301076,1909f56bfc062723c751e8b465ee728b)  -> (artifact id: 'c0b979db820f074f1a7f6d58bbeae07c') in 0.005307 seconds
  Import took 0.008026 seconds .

========================================================================
Received Import Request.
  Time since last request: 0.001653 seconds.
  path: Assets/Water/PlayerMove.cs
  artifactKey: Guid(c8ddf0e2367e3b74eb4e4a9ab90681fb) Importer(815301076,1909f56bfc062723c751e8b465ee728b)
Start importing Assets/Water/PlayerMove.cs using Guid(c8ddf0e2367e3b74eb4e4a9ab90681fb) Importer(815301076,1909f56bfc062723c751e8b465ee728b)  -> (artifact id: 'c0b979db820f074f1a7f6d58bbeae07c') in 0.001669 seconds
  Import took 0.003047 seconds .

========================================================================
Received Import Request.
  Time since last request: 0.344935 seconds.
  path: Assets/Water/ScreenSpaceWaterReflections.cs
  artifactKey: Guid(1b789a3137d4c18478ede13cc642e2f6) Importer(815301076,1909f56bfc062723c751e8b465ee728b)
Start importing Assets/Water/ScreenSpaceWaterReflections.cs using Guid(1b789a3137d4c18478ede13cc642e2f6) Importer(815301076,1909f56bfc062723c751e8b465ee728b)  -> (artifact id: '8b0dc86fdec68b98c7dd2fd93a4e8fc0') in 0.002077 seconds
  Import took 0.004941 seconds .

AssetImportWorkerClient::OnTransportError - code=2 error=End of file
