Using pre-set license
Built from '2020.3/staging' branch; Version is '2020.3.4f1 (0abb6314276a) revision 703331'; Using compiler version '192528614'; Build Type 'Release'
OS: 'Windows 10 Pro; OS build 19042.1110; Version 2009; 64bit' Language: 'zh' Physical Memory: 32515 MB
BatchMode: 1, IsHumanControllingUs: 0, StartBugReporterOnCrash: 0, Is64bit: 1, IsPro: 0

 COMMAND LINE ARGUMENTS:
D:\Unity\Editor\Unity.exe
-adb2
-batchMode
-noUpm
-name
AssetImportWorker0
-projectPath
D:/LearningNotes.github/图形学/ShaderLearning/ShaderLearning
-logFile
Logs/AssetImportWorker0.log
-srvPort
61081
Successfully changed project path to: D:/LearningNotes.github/图形学/ShaderLearning/ShaderLearning
D:/LearningNotes.github/图形学/ShaderLearning/ShaderLearning
Using Asset Import Pipeline V2.
Refreshing native plugins compatible for Editor in 17.68 ms, found 0 plugins.
Preloading 0 native plugins for Editor in 0.00 ms.
Initialize engine version: 2020.3.4f1 (0abb6314276a)
[Subsystems] Discovering subsystems at path D:/Unity/Editor/Data/Resources/UnitySubsystems
[Subsystems] Discovering subsystems at path D:/LearningNotes.github/图形学/ShaderLearning/ShaderLearning/Assets
GfxDevice: creating device client; threaded=0
Direct3D:
    Version:  Direct3D 11.0 [level 11.1]
    Renderer: NVIDIA GeForce GTX 1660 SUPER (ID=0x21c4)
    Vendor:   
    VRAM:     5991 MB
    Driver:   27.21.14.6192
Initialize mono
Mono path[0] = 'D:/Unity/Editor/Data/Managed'
Mono path[1] = 'D:/Unity/Editor/Data/MonoBleedingEdge/lib/mono/unityjit'
Mono config path = 'D:/Unity/Editor/Data/MonoBleedingEdge/etc'
Using monoOptions --debugger-agent=transport=dt_socket,embedding=1,server=y,suspend=n,address=127.0.0.1:56176
Begin MonoManager ReloadAssembly
Registering precompiled unity dll's ...
Register platform support module: D:/Unity/Editor/Data/PlaybackEngines/WindowsStandaloneSupport/UnityEditor.WindowsStandalone.Extensions.dll
Registered in 0.000704 seconds.
Native extension for WindowsStandalone target not found
Refreshing native plugins compatible for Editor in 18.00 ms, found 0 plugins.
Preloading 0 native plugins for Editor in 0.00 ms.
Mono: successfully reloaded assembly
- Completed reload, in  0.744 seconds
Platform modules already initialized, skipping
Registering precompiled user dll's ...
Registered in 0.000412 seconds.
Begin MonoManager ReloadAssembly
Native extension for WindowsStandalone target not found
Refreshing native plugins compatible for Editor in 0.17 ms, found 0 plugins.
Preloading 0 native plugins for Editor in 0.00 ms.
Mono: successfully reloaded assembly
- Completed reload, in  0.602 seconds
Platform modules already initialized, skipping
========================================================================
Worker process is ready to serve import requests
Launched and connected shader compiler UnityShaderCompiler.exe after 0.04 seconds
Refreshing native plugins compatible for Editor in 0.17 ms, found 0 plugins.
Preloading 0 native plugins for Editor in 0.00 ms.
Unloading 1119 Unused Serialized files (Serialized files now loaded: 0)
System memory in use before: 57.1 MB.
System memory in use after: 57.2 MB.

Unloading 9 unused Assets to reduce memory usage. Loaded Objects now: 1560.
Total: 1.349500 ms (FindLiveObjects: 0.116100 ms CreateObjectMapping: 0.031900 ms MarkObjects: 1.160300 ms  DeleteObjects: 0.040500 ms)

========================================================================
Received Import Request.
  path: Assets
  artifactKey: Guid(00000000000000001000000000000000) Importer(815301076,1909f56bfc062723c751e8b465ee728b)
Start importing Assets using Guid(00000000000000001000000000000000) Importer(815301076,1909f56bfc062723c751e8b465ee728b)  -> (artifact id: '025e4f587c23674256bb898581e82961') in 0.003750 seconds
  Import took 0.005778 seconds .

========================================================================
Received Import Request.
  Time since last request: 10.788351 seconds.
  path: Assets/Scenes
  artifactKey: Guid(29738b766f0ce2645acf6ff50fc5f021) Importer(815301076,1909f56bfc062723c751e8b465ee728b)
Start importing Assets/Scenes using Guid(29738b766f0ce2645acf6ff50fc5f021) Importer(815301076,1909f56bfc062723c751e8b465ee728b)  -> (artifact id: 'f4f28368d230fcf89564ccfbe175b5cf') in 0.002079 seconds
  Import took 0.003439 seconds .

========================================================================
Received Import Request.
  Time since last request: 1.063733 seconds.
  path: Assets/Example.unity
  artifactKey: Guid(95733a6290e0e3f47bf185683dcffc10) Importer(815301076,1909f56bfc062723c751e8b465ee728b)
Start importing Assets/Example.unity using Guid(95733a6290e0e3f47bf185683dcffc10) Importer(815301076,1909f56bfc062723c751e8b465ee728b)  -> (artifact id: '143c9f982910c34f3da95e485523fa14') in 0.008409 seconds
  Import took 0.010835 seconds .

========================================================================
Received Import Request.
  Time since last request: 9.082396 seconds.
  path: Assets/RenderTexture
  artifactKey: Guid(65b76ea7a75484349a1510f414b3a7ea) Importer(815301076,1909f56bfc062723c751e8b465ee728b)
Start importing Assets/RenderTexture using Guid(65b76ea7a75484349a1510f414b3a7ea) Importer(815301076,1909f56bfc062723c751e8b465ee728b)  -> (artifact id: 'c02fa9faa1c52931356c7fec0903a765') in 0.001899 seconds
  Import took 0.003314 seconds .

========================================================================
Received Import Request.
  Time since last request: 18.102862 seconds.
  path: Assets/RenderTexture/renderTexture.renderTexture
  artifactKey: Guid(d923d8848dc6847498291bb2c1ef9c7f) Importer(815301076,1909f56bfc062723c751e8b465ee728b)
Start importing Assets/RenderTexture/renderTexture.renderTexture using Guid(d923d8848dc6847498291bb2c1ef9c7f) Importer(815301076,1909f56bfc062723c751e8b465ee728b)  -> (artifact id: '7aed6278eefa21144322e19aee42a15a') in 0.048470 seconds
  Import took 0.050584 seconds .

========================================================================
Received Import Request.
  Time since last request: 8.708720 seconds.
  path: Assets/RenderTexture/renderTexture.renderTexture
  artifactKey: Guid(d923d8848dc6847498291bb2c1ef9c7f) Importer(815301076,1909f56bfc062723c751e8b465ee728b)
Start importing Assets/RenderTexture/renderTexture.renderTexture using Guid(d923d8848dc6847498291bb2c1ef9c7f) Importer(815301076,1909f56bfc062723c751e8b465ee728b)  -> (artifact id: '31f1b9cf491d34a30f85dc8095ff523a') in 0.009140 seconds
  Import took 0.011352 seconds .

========================================================================
Received Import Request.
  Time since last request: 128.849225 seconds.
  path: Assets/Water/WaterMaterial.mat
  artifactKey: Guid(284a2740c80f3c741bde0023e951a20d) Importer(815301076,1909f56bfc062723c751e8b465ee728b)
Start importing Assets/Water/WaterMaterial.mat using Guid(284a2740c80f3c741bde0023e951a20d) Importer(815301076,1909f56bfc062723c751e8b465ee728b)  -> (artifact id: '5d3bdd197df17e6f4a6c8ddff1eb25d2') in 0.030521 seconds
  Import took 0.032232 seconds .

========================================================================
Received Import Request.
  Time since last request: 15.932781 seconds.
  path: Assets/RenderTexture/Materials
  artifactKey: Guid(2ce0df018a8a90247a67090b1f164d2d) Importer(815301076,1909f56bfc062723c751e8b465ee728b)
Start importing Assets/RenderTexture/Materials using Guid(2ce0df018a8a90247a67090b1f164d2d) Importer(815301076,1909f56bfc062723c751e8b465ee728b)  -> (artifact id: 'a17003ce32e922a89aac5da7b2989c44') in 0.002500 seconds
  Import took 0.004879 seconds .

========================================================================
Received Import Request.
  Time since last request: 0.063323 seconds.
  path: Assets/RenderTexture/Materials/renderTexture.mat
  artifactKey: Guid(4a9ef954ab0f0b7489c98e6996c356aa) Importer(815301076,1909f56bfc062723c751e8b465ee728b)
Start importing Assets/RenderTexture/Materials/renderTexture.mat using Guid(4a9ef954ab0f0b7489c98e6996c356aa) Importer(815301076,1909f56bfc062723c751e8b465ee728b) Error assigning 3D texture to 2D texture property '_MainTex': Dimensions must match
UnityEngine.StackTraceUtility:ExtractStackTrace ()
UnityEditor.PreviewRenderUtility:Render (bool,bool)
UnityEditor.MaterialEditor:DoRenderPreview (UnityEditor.PreviewRenderUtility,bool)
UnityEditor.MaterialEditor:RenderStaticPreview (string,UnityEngine.Object[],int,int)
UnityEditor.AssetPreviewUpdater:CreatePreviewForAsset (UnityEngine.Object,UnityEngine.Object[],string)

[C:\buildslave\unity\build\Runtime/Shaders/ShaderImpl/ShaderTextureProperty.h line 41]

 -> (artifact id: '704235f2f70eaf388c15723fef79e905') in 0.007851 seconds
  Import took 0.009385 seconds .

========================================================================
Received Import Request.
  Time since last request: 555.328429 seconds.
  path: Assets/Water/ScreenSpaceWaterReflections.cs
  artifactKey: Guid(1b789a3137d4c18478ede13cc642e2f6) Importer(815301076,1909f56bfc062723c751e8b465ee728b)
Start importing Assets/Water/ScreenSpaceWaterReflections.cs using Guid(1b789a3137d4c18478ede13cc642e2f6) Importer(815301076,1909f56bfc062723c751e8b465ee728b)  -> (artifact id: '4a9ae1cb0f93ff50b5fd1a679f21600e') in 0.003996 seconds
  Import took 0.006012 seconds .

========================================================================
Received Import Request.
  Time since last request: 1896.449871 seconds.
  path: Assets/Water/Water.shader
  artifactKey: Guid(eb220a6e568f80e4eac5eaf8526228c6) Importer(815301076,1909f56bfc062723c751e8b465ee728b)
Start importing Assets/Water/Water.shader using Guid(eb220a6e568f80e4eac5eaf8526228c6) Importer(815301076,1909f56bfc062723c751e8b465ee728b)  -> (artifact id: 'fd06ec7b449aae2b41347ab144462a0b') in 0.002900 seconds
  Import took 0.004637 seconds .

========================================================================
Received Import Request.
  Time since last request: 18.498275 seconds.
  path: Assets/Water/Water.shader
  artifactKey: Guid(eb220a6e568f80e4eac5eaf8526228c6) Importer(815301076,1909f56bfc062723c751e8b465ee728b)
Start importing Assets/Water/Water.shader using Guid(eb220a6e568f80e4eac5eaf8526228c6) Importer(815301076,1909f56bfc062723c751e8b465ee728b)  -> (artifact id: '335618fb50c1d5d7586352ac7f5a8a3f') in 0.001576 seconds
  Import took 0.003564 seconds .

========================================================================
Received Import Request.
  Time since last request: 6.761682 seconds.
  path: Assets/Water/Water.shader
  artifactKey: Guid(eb220a6e568f80e4eac5eaf8526228c6) Importer(815301076,1909f56bfc062723c751e8b465ee728b)
Start importing Assets/Water/Water.shader using Guid(eb220a6e568f80e4eac5eaf8526228c6) Importer(815301076,1909f56bfc062723c751e8b465ee728b)  -> (artifact id: 'e2829baf2fa14d7ddd0b1df528975be7') in 0.001732 seconds
  Import took 0.003299 seconds .

AssetImportWorkerClient::OnTransportError - code=2 error=End of file
